<?xml version="1.0" encoding="UTF-8"?>
<testsuite xmlns:xsi="http://www.w3.org/2001/XMLSchema-instance" xsi:noNamespaceSchemaLocation="https://maven.apache.org/surefire/maven-surefire-plugin/xsd/surefire-test-report-3.0.xsd" version="3.0" name="com.example.demo.DataControllerTest" time="3.298" tests="4" errors="0" skipped="0" failures="0">
  <properties>
[...]
</properties>
  <testcase name="currenciesLength" classname="com.example.demo.DataControllerTest" time="1.989">
    <system-out><![CDATA[2023-03-24T04:21:51.948+01:00  INFO 1104001 --- [           main] t.c.s.AnnotationConfigContextLoaderUtils : Could not detect default configuration classes for test class [com.example.demo.DataControllerTest]: DataControllerTest does not declare any static, non-private, non-final, nested classes annotated with @Configuration.
2023-03-24T04:21:51.952+01:00  INFO 1104001 --- [           main] .b.t.c.SpringBootTestContextBootstrapper : Found @SpringBootConfiguration com.example.demo.TestApplication for test class com.example.demo.DataControllerTest
]]></system-out>
  </testcase>
  <testcase name="health" classname="com.example.demo.DataControllerTest" time="0.004"/>
  <testcase name="version" classname="com.example.demo.DataControllerTest" time="0.002"/>
  <testcase name="nationsLength" classname="com.example.demo.DataControllerTest" time="1.282"/>
</testsuite>